2021-11-29 16:50:03,013 - MarsRover - INFO - start main
2021-11-29 16:50:03,013 - MarsRover.RaspberryPi - INFO - init RaspberryPi
2021-11-29 16:50:03,014 - MarsRover.RaspberryPi - INFO - set gpio mode to 11
2021-11-29 16:50:03,014 - MarsRover.RaspberryPi - INFO - set gpio warnings to False
2021-11-29 16:50:03,014 - MarsRover.PCA9685 - DEBUG - set pwm on channel 6 to False, 450
2021-11-29 16:50:03,267 - MarsRover.MotorController - DEBUG - start dispatchCamServo
2021-11-29 16:50:03,267 - MarsRover.PCA9685 - DEBUG - set pwm on channel 6 to False, False
2021-11-29 16:50:03,269 - MarsRover.CameraController - DEBUG - picture path: Pictures/maincam_29-11-2021_16:50:03:269728.jpg
2021-11-29 16:50:03,759 - MarsRover.CameraController - DEBUG - picture taken
2021-11-29 16:50:03,760 - MarsRover.PCA9685 - DEBUG - set pwm on channel 6 to False, 550
2021-11-29 16:50:04,012 - MarsRover.MotorController - DEBUG - start dispatchCamServo
2021-11-29 16:50:04,013 - MarsRover.PCA9685 - DEBUG - set pwm on channel 6 to False, False
2021-11-29 16:50:04,015 - MarsRover.CameraController - DEBUG - picture path: Pictures/maincam_29-11-2021_16:50:04:015331.jpg
2021-11-29 16:50:04,516 - MarsRover.CameraController - DEBUG - picture taken
2021-11-29 16:50:04,517 - MarsRover.PCA9685 - DEBUG - set pwm on channel 6 to False, 690
2021-11-29 16:50:04,771 - MarsRover.MotorController - DEBUG - start dispatchCamServo
2021-11-29 16:50:04,772 - MarsRover.PCA9685 - DEBUG - set pwm on channel 6 to False, False
2021-11-29 16:50:04,774 - MarsRover.CameraController - DEBUG - picture path: Pictures/maincam_29-11-2021_16:50:04:774538.jpg
2021-11-29 16:50:05,290 - MarsRover.CameraController - DEBUG - picture taken
2021-11-29 16:50:05,291 - MarsRover.PCA9685 - DEBUG - set pwm on channel 6 to False, 230
2021-11-29 16:50:05,544 - MarsRover.MotorController - DEBUG - start dispatchCamServo
2021-11-29 16:50:05,545 - MarsRover.PCA9685 - DEBUG - set pwm on channel 6 to False, False
2021-11-29 16:50:05,548 - MarsRover.CameraController - DEBUG - picture path: Pictures/maincam_29-11-2021_16:50:05:548053.jpg
2021-11-29 16:50:06,064 - MarsRover.CameraController - DEBUG - picture taken
2021-11-29 16:50:06,066 - MarsRover.PCA9685 - DEBUG - set pwm on channel 6 to False, 350
2021-11-29 16:50:06,319 - MarsRover.MotorController - DEBUG - start dispatchCamServo
2021-11-29 16:50:06,319 - MarsRover.PCA9685 - DEBUG - set pwm on channel 6 to False, False
2021-11-29 16:50:06,322 - MarsRover.CameraController - DEBUG - picture path: Pictures/maincam_29-11-2021_16:50:06:322271.jpg
2021-11-29 16:50:06,789 - MarsRover.CameraController - DEBUG - picture taken
2021-11-29 16:50:06,790 - MarsRover.PCA9685 - DEBUG - set pwm on channel 6 to False, 450
2021-11-29 16:50:07,043 - MarsRover.MotorController - DEBUG - start dispatchCamServo
2021-11-29 16:50:07,045 - MarsRover.PCA9685 - DEBUG - set pwm on channel 6 to False, False
2021-11-29 16:50:07,048 - MarsRover.RaspberryPi - INFO - clean gpio pins
2021-11-29 16:50:07,049 - MarsRover.RaspberryPi - INFO - clean complete
2021-11-29 16:50:07,050 - MarsRover - INFO - end of program
2021-11-29 16:50:47,228 - MarsRover - INFO - start main
2021-11-29 16:50:47,229 - MarsRover.RaspberryPi - INFO - init RaspberryPi
2021-11-29 16:50:47,229 - MarsRover.RaspberryPi - INFO - set gpio mode to 11
2021-11-29 16:50:47,229 - MarsRover.RaspberryPi - INFO - set gpio warnings to False
2021-11-29 16:50:47,230 - MarsRover.PCA9685 - DEBUG - set pwm on channel 6 to False, 450
2021-11-29 16:50:47,484 - MarsRover.MotorController - DEBUG - start dispatchCamServo
2021-11-29 16:50:47,484 - MarsRover.PCA9685 - DEBUG - set pwm on channel 6 to False, False
2021-11-29 16:50:47,486 - MarsRover.CameraController - DEBUG - picture path: Pictures/maincam_29-11-2021_16:50:47:486204.jpg
2021-11-29 16:50:47,980 - MarsRover.CameraController - DEBUG - picture taken
2021-11-29 16:50:47,981 - MarsRover.PCA9685 - DEBUG - set pwm on channel 6 to False, 550
2021-11-29 16:50:48,233 - MarsRover.MotorController - DEBUG - start dispatchCamServo
2021-11-29 16:50:48,233 - MarsRover.PCA9685 - DEBUG - set pwm on channel 6 to False, False
2021-11-29 16:50:48,235 - MarsRover.CameraController - DEBUG - picture path: Pictures/maincam_29-11-2021_16:50:48:235822.jpg
2021-11-29 16:50:48,726 - MarsRover.CameraController - DEBUG - picture taken
2021-11-29 16:50:48,727 - MarsRover.PCA9685 - DEBUG - set pwm on channel 6 to False, 690
2021-11-29 16:50:48,979 - MarsRover.MotorController - DEBUG - start dispatchCamServo
2021-11-29 16:50:48,980 - MarsRover.PCA9685 - DEBUG - set pwm on channel 6 to False, False
2021-11-29 16:50:48,984 - MarsRover.CameraController - DEBUG - picture path: Pictures/maincam_29-11-2021_16:50:48:984274.jpg
2021-11-29 16:50:49,507 - MarsRover.CameraController - DEBUG - picture taken
2021-11-29 16:50:49,507 - MarsRover.PCA9685 - DEBUG - set pwm on channel 6 to False, 230
2021-11-29 16:50:49,760 - MarsRover.MotorController - DEBUG - start dispatchCamServo
2021-11-29 16:50:49,761 - MarsRover.PCA9685 - DEBUG - set pwm on channel 6 to False, False
2021-11-29 16:50:49,763 - MarsRover.CameraController - DEBUG - picture path: Pictures/maincam_29-11-2021_16:50:49:763751.jpg
2021-11-29 16:50:50,275 - MarsRover.CameraController - DEBUG - picture taken
2021-11-29 16:50:50,275 - MarsRover.PCA9685 - DEBUG - set pwm on channel 6 to False, 350
2021-11-29 16:50:50,528 - MarsRover.MotorController - DEBUG - start dispatchCamServo
2021-11-29 16:50:50,529 - MarsRover.PCA9685 - DEBUG - set pwm on channel 6 to False, False
2021-11-29 16:50:50,532 - MarsRover.CameraController - DEBUG - picture path: Pictures/maincam_29-11-2021_16:50:50:532209.jpg
2021-11-29 16:50:51,030 - MarsRover.CameraController - DEBUG - picture taken
2021-11-29 16:50:51,032 - MarsRover.PCA9685 - DEBUG - set pwm on channel 6 to False, 450
2021-11-29 16:50:51,288 - MarsRover.MotorController - DEBUG - start dispatchCamServo
2021-11-29 16:50:51,289 - MarsRover.PCA9685 - DEBUG - set pwm on channel 6 to False, False
2021-11-29 16:50:51,292 - MarsRover.RaspberryPi - INFO - clean gpio pins
2021-11-29 16:50:51,293 - MarsRover.RaspberryPi - INFO - clean complete
2021-11-29 16:50:51,294 - MarsRover - INFO - end of program
